<?xml version="1.0" encoding="UTF-8"?>
<!-- Generated by org.testng.reporters.JUnitXMLReporter -->
<testsuite ignored="0" hostname="DELLSTROYER" failures="0" tests="36" name="Default test" time="141.51" errors="0" timestamp="2020-12-07T20:33:39 IST">
  <testcase classname="com.cognizant.ApplicationTest" name="selectLogin" time="6.394"/>
  <testcase classname="com.cognizant.ApplicationTest" name="selectContinueWithGoogle" time="4.437"/>
  <testcase classname="com.cognizant.ApplicationTest" name="setInvalidEmail" time="13.711"/>
  <testcase classname="com.cognizant.ApplicationTest" name="setValidEmailInvalidPassword" time="18.035"/>
  <testcase classname="com.cognizant.ApplicationTest" name="newBikes" time="14.525"/>
  <testcase classname="com.cognizant.ApplicationTest" name="hondaBikes" time="9.883"/>
  <testcase classname="com.cognizant.ApplicationTest" name="selectDetails" time="1.985"/>
  <testcase classname="com.cognizant.ApplicationTest" name="usedC" time="60.889"/>
  <testcase classname="com.cognizant.ApplicationTest" name="sortCar1" time="0.001"/>
  <testcase classname="com.cognizant.ApplicationTest" name="sortCar2" time="0.001"/>
  <testcase classname="com.cognizant.ApplicationTest" name="sortCar3" time="0.001"/>
  <testcase classname="com.cognizant.ApplicationTest" name="sortCar4" time="0.003"/>
  <testcase classname="com.cognizant.ApplicationTest" name="sortCar5" time="0.001"/>
  <testcase classname="com.cognizant.ApplicationTest" name="sortCar6" time="0.001"/>
  <testcase classname="com.cognizant.ApplicationTest" name="sortCar7" time="0.002"/>
  <testcase classname="com.cognizant.ApplicationTest" name="sortCar8" time="0.001"/>
  <testcase classname="com.cognizant.ApplicationTest" name="sortCar9" time="0.002"/>
  <testcase classname="com.cognizant.ApplicationTest" name="sortCar10" time="0.0"/>
  <testcase classname="com.cognizant.ApplicationTest" name="sortCar11" time="0.001"/>
  <testcase classname="com.cognizant.ApplicationTest" name="sortCar12" time="0.001"/>
  <testcase classname="com.cognizant.ApplicationTest" name="sortCar13" time="0.001"/>
  <testcase classname="com.cognizant.ApplicationTest" name="sortCar14" time="0.001"/>
  <testcase classname="com.cognizant.ApplicationTest" name="sortCar15" time="0.002"/>
  <testcase classname="com.cognizant.ApplicationTest" name="sortCar16" time="0.001"/>
  <testcase classname="com.cognizant.ApplicationTest" name="sortCar17" time="0.0"/>
  <testcase classname="com.cognizant.ApplicationTest" name="sortCar18" time="0.001"/>
  <testcase classname="com.cognizant.ApplicationTest" name="sortCar19" time="0.0"/>
  <testcase classname="com.cognizant.ApplicationTest" name="sortCar20" time="0.001"/>
  <testcase classname="com.cognizant.ApplicationTest" name="sortCar21" time="0.004"/>
  <testcase classname="com.cognizant.ApplicationTest" name="sortCar22" time="0.001"/>
  <testcase classname="com.cognizant.ApplicationTest" name="sortCar23" time="0.001"/>
  <testcase classname="com.cognizant.ApplicationTest" name="sortCar24" time="0.002"/>
  <testcase classname="com.cognizant.ApplicationTest" name="sortCar25" time="0.001"/>
  <testcase classname="com.cognizant.ApplicationTest" name="sortCar26" time="0.001"/>
  <testcase classname="com.cognizant.ApplicationTest" name="outputFromExcel1" time="0.438"/>
  <testcase classname="com.cognizant.ApplicationTest" name="outputFromExcel2" time="0.361"/>
</testsuite> <!-- Default test -->
