<?xml version="1.0" encoding="UTF-8"?>
<testng-results ignored="0" total="36" passed="36" failed="0" skipped="0">
  <reporter-output>
  </reporter-output>
  <suite started-at="2020-12-07T20:31:17 IST" name="Default suite" finished-at="2020-12-07T20:33:39 IST" duration-ms="141510">
    <groups>
    </groups>
    <test started-at="2020-12-07T20:31:17 IST" name="Default test" finished-at="2020-12-07T20:33:39 IST" duration-ms="141510">
      <class name="com.cognizant.ApplicationTest">
        <test-method is-config="true" signature="createDriver()[pri:0, instance:com.cognizant.ApplicationTest@2ea6e30c]" started-at="2020-12-07T20:31:17 IST" name="createDriver" finished-at="2020-12-07T20:31:26 IST" duration-ms="8654" status="PASS">
          <reporter-output>
          </reporter-output>
        </test-method> <!-- createDriver -->
        <test-method signature="selectLogin()[pri:0, instance:com.cognizant.ApplicationTest@2ea6e30c]" started-at="2020-12-07T20:31:26 IST" name="selectLogin" finished-at="2020-12-07T20:31:32 IST" duration-ms="6394" status="PASS">
          <reporter-output>
          </reporter-output>
        </test-method> <!-- selectLogin -->
        <test-method signature="selectContinueWithGoogle()[pri:1, instance:com.cognizant.ApplicationTest@2ea6e30c]" started-at="2020-12-07T20:31:32 IST" name="selectContinueWithGoogle" finished-at="2020-12-07T20:31:37 IST" duration-ms="4437" status="PASS">
          <reporter-output>
          </reporter-output>
        </test-method> <!-- selectContinueWithGoogle -->
        <test-method signature="setInvalidEmail()[pri:2, instance:com.cognizant.ApplicationTest@2ea6e30c]" started-at="2020-12-07T20:31:37 IST" name="setInvalidEmail" finished-at="2020-12-07T20:31:51 IST" duration-ms="13711" status="PASS">
          <reporter-output>
          </reporter-output>
        </test-method> <!-- setInvalidEmail -->
        <test-method signature="setValidEmailInvalidPassword()[pri:3, instance:com.cognizant.ApplicationTest@2ea6e30c]" started-at="2020-12-07T20:31:51 IST" name="setValidEmailInvalidPassword" finished-at="2020-12-07T20:32:09 IST" duration-ms="18035" status="PASS">
          <reporter-output>
          </reporter-output>
        </test-method> <!-- setValidEmailInvalidPassword -->
        <test-method signature="newBikes()[pri:8, instance:com.cognizant.ApplicationTest@2ea6e30c]" started-at="2020-12-07T20:32:09 IST" name="newBikes" finished-at="2020-12-07T20:32:23 IST" duration-ms="14525" status="PASS">
          <reporter-output>
          </reporter-output>
        </test-method> <!-- newBikes -->
        <test-method signature="hondaBikes()[pri:9, instance:com.cognizant.ApplicationTest@2ea6e30c]" started-at="2020-12-07T20:32:23 IST" name="hondaBikes" finished-at="2020-12-07T20:32:33 IST" duration-ms="9883" status="PASS">
          <reporter-output>
          </reporter-output>
        </test-method> <!-- hondaBikes -->
        <test-method signature="selectDetails()[pri:10, instance:com.cognizant.ApplicationTest@2ea6e30c]" started-at="2020-12-07T20:32:33 IST" name="selectDetails" finished-at="2020-12-07T20:32:35 IST" duration-ms="1985" status="PASS">
          <reporter-output>
          </reporter-output>
        </test-method> <!-- selectDetails -->
        <test-method signature="usedC()[pri:11, instance:com.cognizant.ApplicationTest@2ea6e30c]" started-at="2020-12-07T20:32:35 IST" name="usedC" finished-at="2020-12-07T20:33:36 IST" duration-ms="60889" status="PASS">
          <reporter-output>
          </reporter-output>
        </test-method> <!-- usedC -->
        <test-method signature="sortCar1()[pri:12, instance:com.cognizant.ApplicationTest@2ea6e30c]" started-at="2020-12-07T20:33:36 IST" name="sortCar1" finished-at="2020-12-07T20:33:36 IST" duration-ms="1" status="PASS">
          <reporter-output>
          </reporter-output>
        </test-method> <!-- sortCar1 -->
        <test-method signature="sortCar2()[pri:13, instance:com.cognizant.ApplicationTest@2ea6e30c]" started-at="2020-12-07T20:33:36 IST" name="sortCar2" finished-at="2020-12-07T20:33:36 IST" duration-ms="1" status="PASS">
          <reporter-output>
          </reporter-output>
        </test-method> <!-- sortCar2 -->
        <test-method signature="sortCar3()[pri:14, instance:com.cognizant.ApplicationTest@2ea6e30c]" started-at="2020-12-07T20:33:36 IST" name="sortCar3" finished-at="2020-12-07T20:33:36 IST" duration-ms="1" status="PASS">
          <reporter-output>
          </reporter-output>
        </test-method> <!-- sortCar3 -->
        <test-method signature="sortCar4()[pri:15, instance:com.cognizant.ApplicationTest@2ea6e30c]" started-at="2020-12-07T20:33:36 IST" name="sortCar4" finished-at="2020-12-07T20:33:36 IST" duration-ms="3" status="PASS">
          <reporter-output>
          </reporter-output>
        </test-method> <!-- sortCar4 -->
        <test-method signature="sortCar5()[pri:16, instance:com.cognizant.ApplicationTest@2ea6e30c]" started-at="2020-12-07T20:33:36 IST" name="sortCar5" finished-at="2020-12-07T20:33:36 IST" duration-ms="1" status="PASS">
          <reporter-output>
          </reporter-output>
        </test-method> <!-- sortCar5 -->
        <test-method signature="sortCar6()[pri:17, instance:com.cognizant.ApplicationTest@2ea6e30c]" started-at="2020-12-07T20:33:36 IST" name="sortCar6" finished-at="2020-12-07T20:33:36 IST" duration-ms="1" status="PASS">
          <reporter-output>
          </reporter-output>
        </test-method> <!-- sortCar6 -->
        <test-method signature="sortCar7()[pri:18, instance:com.cognizant.ApplicationTest@2ea6e30c]" started-at="2020-12-07T20:33:36 IST" name="sortCar7" finished-at="2020-12-07T20:33:36 IST" duration-ms="2" status="PASS">
          <reporter-output>
          </reporter-output>
        </test-method> <!-- sortCar7 -->
        <test-method signature="sortCar8()[pri:19, instance:com.cognizant.ApplicationTest@2ea6e30c]" started-at="2020-12-07T20:33:36 IST" name="sortCar8" finished-at="2020-12-07T20:33:36 IST" duration-ms="1" status="PASS">
          <reporter-output>
          </reporter-output>
        </test-method> <!-- sortCar8 -->
        <test-method signature="sortCar9()[pri:20, instance:com.cognizant.ApplicationTest@2ea6e30c]" started-at="2020-12-07T20:33:36 IST" name="sortCar9" finished-at="2020-12-07T20:33:36 IST" duration-ms="2" status="PASS">
          <reporter-output>
          </reporter-output>
        </test-method> <!-- sortCar9 -->
        <test-method signature="sortCar10()[pri:21, instance:com.cognizant.ApplicationTest@2ea6e30c]" started-at="2020-12-07T20:33:36 IST" name="sortCar10" finished-at="2020-12-07T20:33:36 IST" duration-ms="0" status="PASS">
          <reporter-output>
          </reporter-output>
        </test-method> <!-- sortCar10 -->
        <test-method signature="sortCar11()[pri:22, instance:com.cognizant.ApplicationTest@2ea6e30c]" started-at="2020-12-07T20:33:36 IST" name="sortCar11" finished-at="2020-12-07T20:33:36 IST" duration-ms="1" status="PASS">
          <reporter-output>
          </reporter-output>
        </test-method> <!-- sortCar11 -->
        <test-method signature="sortCar12()[pri:23, instance:com.cognizant.ApplicationTest@2ea6e30c]" started-at="2020-12-07T20:33:36 IST" name="sortCar12" finished-at="2020-12-07T20:33:36 IST" duration-ms="1" status="PASS">
          <reporter-output>
          </reporter-output>
        </test-method> <!-- sortCar12 -->
        <test-method signature="sortCar13()[pri:24, instance:com.cognizant.ApplicationTest@2ea6e30c]" started-at="2020-12-07T20:33:36 IST" name="sortCar13" finished-at="2020-12-07T20:33:36 IST" duration-ms="1" status="PASS">
          <reporter-output>
          </reporter-output>
        </test-method> <!-- sortCar13 -->
        <test-method signature="sortCar14()[pri:25, instance:com.cognizant.ApplicationTest@2ea6e30c]" started-at="2020-12-07T20:33:36 IST" name="sortCar14" finished-at="2020-12-07T20:33:36 IST" duration-ms="1" status="PASS">
          <reporter-output>
          </reporter-output>
        </test-method> <!-- sortCar14 -->
        <test-method signature="sortCar15()[pri:26, instance:com.cognizant.ApplicationTest@2ea6e30c]" started-at="2020-12-07T20:33:36 IST" name="sortCar15" finished-at="2020-12-07T20:33:36 IST" duration-ms="2" status="PASS">
          <reporter-output>
          </reporter-output>
        </test-method> <!-- sortCar15 -->
        <test-method signature="sortCar16()[pri:27, instance:com.cognizant.ApplicationTest@2ea6e30c]" started-at="2020-12-07T20:33:36 IST" name="sortCar16" finished-at="2020-12-07T20:33:36 IST" duration-ms="1" status="PASS">
          <reporter-output>
          </reporter-output>
        </test-method> <!-- sortCar16 -->
        <test-method signature="sortCar17()[pri:28, instance:com.cognizant.ApplicationTest@2ea6e30c]" started-at="2020-12-07T20:33:36 IST" name="sortCar17" finished-at="2020-12-07T20:33:36 IST" duration-ms="0" status="PASS">
          <reporter-output>
          </reporter-output>
        </test-method> <!-- sortCar17 -->
        <test-method signature="sortCar18()[pri:29, instance:com.cognizant.ApplicationTest@2ea6e30c]" started-at="2020-12-07T20:33:36 IST" name="sortCar18" finished-at="2020-12-07T20:33:36 IST" duration-ms="1" status="PASS">
          <reporter-output>
          </reporter-output>
        </test-method> <!-- sortCar18 -->
        <test-method signature="sortCar19()[pri:30, instance:com.cognizant.ApplicationTest@2ea6e30c]" started-at="2020-12-07T20:33:36 IST" name="sortCar19" finished-at="2020-12-07T20:33:36 IST" duration-ms="0" status="PASS">
          <reporter-output>
          </reporter-output>
        </test-method> <!-- sortCar19 -->
        <test-method signature="sortCar20()[pri:31, instance:com.cognizant.ApplicationTest@2ea6e30c]" started-at="2020-12-07T20:33:36 IST" name="sortCar20" finished-at="2020-12-07T20:33:36 IST" duration-ms="1" status="PASS">
          <reporter-output>
          </reporter-output>
        </test-method> <!-- sortCar20 -->
        <test-method signature="sortCar21()[pri:32, instance:com.cognizant.ApplicationTest@2ea6e30c]" started-at="2020-12-07T20:33:36 IST" name="sortCar21" finished-at="2020-12-07T20:33:36 IST" duration-ms="4" status="PASS">
          <reporter-output>
          </reporter-output>
        </test-method> <!-- sortCar21 -->
        <test-method signature="sortCar22()[pri:33, instance:com.cognizant.ApplicationTest@2ea6e30c]" started-at="2020-12-07T20:33:36 IST" name="sortCar22" finished-at="2020-12-07T20:33:36 IST" duration-ms="1" status="PASS">
          <reporter-output>
          </reporter-output>
        </test-method> <!-- sortCar22 -->
        <test-method signature="sortCar23()[pri:34, instance:com.cognizant.ApplicationTest@2ea6e30c]" started-at="2020-12-07T20:33:36 IST" name="sortCar23" finished-at="2020-12-07T20:33:36 IST" duration-ms="1" status="PASS">
          <reporter-output>
          </reporter-output>
        </test-method> <!-- sortCar23 -->
        <test-method signature="sortCar24()[pri:35, instance:com.cognizant.ApplicationTest@2ea6e30c]" started-at="2020-12-07T20:33:36 IST" name="sortCar24" finished-at="2020-12-07T20:33:36 IST" duration-ms="2" status="PASS">
          <reporter-output>
          </reporter-output>
        </test-method> <!-- sortCar24 -->
        <test-method signature="sortCar25()[pri:36, instance:com.cognizant.ApplicationTest@2ea6e30c]" started-at="2020-12-07T20:33:36 IST" name="sortCar25" finished-at="2020-12-07T20:33:36 IST" duration-ms="1" status="PASS">
          <reporter-output>
          </reporter-output>
        </test-method> <!-- sortCar25 -->
        <test-method signature="sortCar26()[pri:37, instance:com.cognizant.ApplicationTest@2ea6e30c]" started-at="2020-12-07T20:33:36 IST" name="sortCar26" finished-at="2020-12-07T20:33:36 IST" duration-ms="1" status="PASS">
          <reporter-output>
          </reporter-output>
        </test-method> <!-- sortCar26 -->
        <test-method signature="outputFromExcel1()[pri:38, instance:com.cognizant.ApplicationTest@2ea6e30c]" started-at="2020-12-07T20:33:36 IST" name="outputFromExcel1" finished-at="2020-12-07T20:33:36 IST" duration-ms="438" status="PASS">
          <reporter-output>
          </reporter-output>
        </test-method> <!-- outputFromExcel1 -->
        <test-method signature="outputFromExcel2()[pri:39, instance:com.cognizant.ApplicationTest@2ea6e30c]" started-at="2020-12-07T20:33:36 IST" name="outputFromExcel2" finished-at="2020-12-07T20:33:37 IST" duration-ms="361" status="PASS">
          <reporter-output>
          </reporter-output>
        </test-method> <!-- outputFromExcel2 -->
        <test-method is-config="true" signature="closeBrowser()[pri:0, instance:com.cognizant.ApplicationTest@2ea6e30c]" started-at="2020-12-07T20:33:37 IST" name="closeBrowser" finished-at="2020-12-07T20:33:39 IST" duration-ms="2071" status="PASS">
          <reporter-output>
          </reporter-output>
        </test-method> <!-- closeBrowser -->
      </class> <!-- com.cognizant.ApplicationTest -->
    </test> <!-- Default test -->
  </suite> <!-- Default suite -->
</testng-results>
